<?xml version="1.0" encoding="UTF-8"?>
<!-- Generated by org.testng.reporters.JUnitReportReporter -->
<testsuite hostname="sabariPc" failures="0" tests="1" name="org.inetBanking.testCases.TC_LoginTest_001" time="1.309" errors="0" timestamp="17 Aug 2022 08:35:47 GMT" skipped="0">
  <testcase classname="org.inetBanking.testCases.TC_LoginTest_001" name="loginTest" time="1.309"/>
</testsuite> <!-- org.inetBanking.testCases.TC_LoginTest_001 -->
