<?xml version="1.0" encoding="UTF-8"?>
<!-- Generated by org.testng.reporters.JUnitReportReporter -->
<testsuite hostname="sabariPc" failures="0" tests="1" name="org.inetBanking.testCases.TC_EditCustomerTest_004" time="3.023" errors="0" timestamp="18 Aug 2022 14:39:27 GMT" skipped="0">
  <testcase classname="org.inetBanking.testCases.TC_EditCustomerTest_004" name="editCustomerTest" time="3.023"/>
</testsuite> <!-- org.inetBanking.testCases.TC_EditCustomerTest_004 -->
